<?xml version="1.0" encoding="UTF-8"?>
<testng-results ignored="0" total="1" passed="1" failed="0" skipped="0">
  <reporter-output>
  </reporter-output>
  <suite started-at="2020-11-25T04:26:52Z" name="Default suite" finished-at="2020-11-25T04:27:21Z" duration-ms="28849">
    <groups>
    </groups>
    <test started-at="2020-11-25T04:26:52Z" name="Default test" finished-at="2020-11-25T04:27:21Z" duration-ms="28849">
      <class name="freeCRM.AppsSelect">
        <test-method is-config="true" signature="beforeTest()[pri:0, instance:freeCRM.AppsSelect@4e50c791]" started-at="2020-11-25T04:26:52Z" name="beforeTest" finished-at="2020-11-25T04:27:17Z" duration-ms="24684" status="PASS">
          <reporter-output>
          </reporter-output>
        </test-method> <!-- beforeTest -->
        <test-method signature="selectApps()[pri:0, instance:freeCRM.AppsSelect@4e50c791]" started-at="2020-11-25T04:27:17Z" name="selectApps" finished-at="2020-11-25T04:27:21Z" duration-ms="3466" status="PASS">
          <reporter-output>
          </reporter-output>
        </test-method> <!-- selectApps -->
        <test-method is-config="true" signature="afterTest()[pri:0, instance:freeCRM.AppsSelect@4e50c791]" started-at="2020-11-25T04:27:21Z" name="afterTest" finished-at="2020-11-25T04:27:21Z" duration-ms="652" status="PASS">
          <reporter-output>
          </reporter-output>
        </test-method> <!-- afterTest -->
      </class> <!-- freeCRM.AppsSelect -->
    </test> <!-- Default test -->
  </suite> <!-- Default suite -->
</testng-results>
